<?xml version="1.0" encoding="UTF-8"?>
<!-- Generated by org.testng.reporters.JUnitReportReporter -->
<testsuite skipped="0" hostname="USHYDSOSHEIKH1" name="test.DeleteTopic" tests="1" failures="0" timestamp="03 May 2018 08:54:38 GMT" time="47.744" errors="0">
  <testcase name="DeleteTopic1" time="47.744" classname="test.DeleteTopic"/>
</testsuite> <!-- test.DeleteTopic -->
