<?xml version="1.0" encoding="UTF-8"?>
<!-- Generated by org.testng.reporters.JUnitReportReporter -->
<testsuite hostname="USHYDSMNOONE4" name="test.VerifyNewTopicCreated" tests="1" failures="0" timestamp="26 Apr 2018 17:54:16 GMT" time="25.445" errors="0">
  <testcase name="NaviagteToHomePage" time="25.445" classname="test.VerifyNewTopicCreated"/>
</testsuite> <!-- test.VerifyNewTopicCreated -->
