<?xml version="1.0" encoding="UTF-8"?>
<!-- Generated by org.testng.reporters.JUnitReportReporter -->
<testsuite hostname="USHYDSMNOONE4" name="test.VerifyLogin" tests="2" failures="0" timestamp="25 Apr 2018 18:01:37 GMT" time="34.736" errors="0">
  <testcase name="NaviagteToHomePage" time="31.197" classname="test.VerifyLogin"/>
  <testcase name="verifyTopicCreated" time="3.539" classname="test.VerifyLogin"/>
</testsuite> <!-- test.VerifyLogin -->
